[debug] [2022-11-04T10:28:59.952Z] ----------------------------------------------------------------------
[debug] [2022-11-04T10:28:59.954Z] Command:       C:\Program Files\nodejs\node.exe C:\Users\Admin\AppData\Roaming\npm\node_modules\firebase-tools\lib\bin\firebase.js init
[debug] [2022-11-04T10:28:59.954Z] CLI Version:   11.15.0
[debug] [2022-11-04T10:28:59.954Z] Platform:      win32
[debug] [2022-11-04T10:28:59.954Z] Node Version:  v16.17.1
[debug] [2022-11-04T10:28:59.957Z] Time:          Fri Nov 04 2022 17:28:59 GMT+0700 (Indochina Time)
[debug] [2022-11-04T10:28:59.957Z] ----------------------------------------------------------------------
[debug] 
[debug] [2022-11-04T10:28:59.960Z] >>> [apiv2][query] GET https://firebase-public.firebaseio.com/cli.json [none]
[debug] [2022-11-04T10:29:00.021Z] > command requires scopes: ["email","openid","https://www.googleapis.com/auth/cloudplatformprojects.readonly","https://www.googleapis.com/auth/firebase","https://www.googleapis.com/auth/cloud-platform"]
[debug] [2022-11-04T10:29:00.021Z] > authorizing via signed-in user (phungthehungc4@gmail.com)
[info] 
     ######## #### ########  ######## ########     ###     ######  ########
     ##        ##  ##     ## ##       ##     ##  ##   ##  ##       ##
     ######    ##  ########  ######   ########  #########  ######  ######
     ##        ##  ##    ##  ##       ##     ## ##     ##       ## ##
     ##       #### ##     ## ######## ########  ##     ##  ######  ########

You're about to initialize a Firebase project in this directory:

  C:\Users\Admin\Desktop\LandingTest

Before we get started, keep in mind:

  * You are initializing within an existing Firebase project directory

